{
  "RSpec": {
    "coverage": {
      "/Users/student/Projects/Course-notes-and-goals/process/bank-tech-test/lib/bank.rb": [
        1,
        1,
        1,
        null,
        1,
        1,
        null,
        1,
        6,
        6,
        null,
        null,
        null,
        1,
        4,
        3,
        3,
        null,
        null,
        null,
        1,
        2,
        2,
        2,
        null,
        null,
        null,
        1,
        null,
        3,
        null,
        null,
        null,
        null,
        null
      ],
      "/Users/student/Projects/Course-notes-and-goals/process/bank-tech-test/lib/transaction.rb": [
        1,
        1,
        null,
        1,
        5,
        null,
        null,
        1,
        null,
        5,
        null,
        null,
        null,
        null
      ],
      "/Users/student/Projects/Course-notes-and-goals/process/bank-tech-test/lib/statement.rb": [
        1,
        1,
        null,
        1,
        null,
        3,
        null,
        null,
        null,
        1,
        null,
        3,
        null,
        null,
        null,
        null
      ],
      "/Users/student/Projects/Course-notes-and-goals/process/bank-tech-test/spec/feature_tests_spec.rb": [
        1,
        1,
        1,
        null,
        1,
        null,
        1,
        1,
        1,
        null,
        1,
        1,
        1,
        1,
        null,
        null,
        null,
        1,
        1,
        1,
        1,
        1,
        null,
        null
      ],
      "/Users/student/Projects/Course-notes-and-goals/process/bank-tech-test/spec/statement_spec.rb": [
        1,
        null,
        1,
        null,
        1,
        null,
        1,
        1,
        1,
        1,
        null,
        null,
        null,
        null,
        null,
        null,
        null
      ],
      "/Users/student/Projects/Course-notes-and-goals/process/bank-tech-test/spec/transaction_spec.rb": [
        1,
        null,
        1,
        null,
        1,
        1,
        1,
        1,
        null,
        null,
        1,
        1,
        1,
        null,
        null,
        null,
        null,
        null,
        null
      ]
    },
    "timestamp": 1567063129
  }
}
